<?xml version="1.0" encoding="UTF-8"?>
<testsuite xmlns:xsi="http://www.w3.org/2001/XMLSchema-instance" xsi:noNamespaceSchemaLocation="https://maven.apache.org/surefire/maven-surefire-plugin/xsd/surefire-test-report.xsd" version="3.0.2" name="com.example.ticktetapi.TicktetApiApplicationTests" time="4.309" tests="1" errors="0" skipped="0" failures="0" flakes="0">
  <properties>
[...]
</properties>
  <testcase name="contextLoads" classname="com.example.ticktetapi.TicktetApiApplicationTests" time="0.008">
    <system-out><![CDATA[20:09:09.666 [main] INFO org.springframework.test.context.support.AnnotationConfigContextLoaderUtils -- Could not detect default configuration classes for test class [com.example.ticktetapi.TicktetApiApplicationTests]: TicktetApiApplicationTests does not declare any static, non-private, non-final, nested classes annotated with @Configuration.
20:09:09.771 [main] INFO org.springframework.boot.test.context.SpringBootTestContextBootstrapper -- Found @SpringBootConfiguration com.example.ticktetapi.TicktetApiApplication for test class com.example.ticktetapi.TicktetApiApplicationTests
20:09:09.845 [main] INFO org.springframework.test.context.support.AnnotationConfigContextLoaderUtils -- Could not detect default configuration classes for test class [com.example.ticktetapi.TicktetApiApplicationTests]: TicktetApiApplicationTests does not declare any static, non-private, non-final, nested classes annotated with @Configuration.
20:09:09.847 [main] INFO org.springframework.boot.test.context.SpringBootTestContextBootstrapper -- Found @SpringBootConfiguration com.example.ticktetapi.TicktetApiApplication for test class com.example.ticktetapi.TicktetApiApplicationTests

  .   ____          _            __ _ _
 /\\ / ___'_ __ _ _(_)_ __  __ _ \ \ \ \
( ( )\___ | '_ | '_| | '_ \/ _` | \ \ \ \
 \\/  ___)| |_)| | | | | || (_| |  ) ) ) )
  '  |____| .__|_| |_|_| |_\__, | / / / /
 =========|_|==============|___/=/_/_/_/

 :: Spring Boot ::                (v4.1.1)

2026-09-24T20:09:10.163Z  INFO 23353 --- [Ticktet API] [           main] c.e.t.TicktetApiApplicationTests         : Starting TicktetApiApplicationTests using Java 25.0.4.1 with PID 23353 (started by codespace in /workspaces/Ticket-API---Testes)
2026-09-24T20:09:10.184Z  INFO 23353 --- [Ticktet API] [           main] c.e.t.TicktetApiApplicationTests         : No active profile set, falling back to 1 default profile: "default"
2026-09-24T20:09:11.015Z  INFO 23353 --- [Ticktet API] [           main] .s.d.r.c.RepositoryConfigurationDelegate : Bootstrapping Spring Data JPA repositories in DEFAULT mode.
2026-09-24T20:09:11.070Z  INFO 23353 --- [Ticktet API] [           main] .s.d.r.c.RepositoryConfigurationDelegate : Finished Spring Data repository scanning in 45 ms. Found 3 JPA repository interfaces.
2026-09-24T20:09:11.526Z  INFO 23353 --- [Ticktet API] [           main] org.hibernate.orm.jpa                    : HHH008540: Processing PersistenceUnitInfo [name: default]
2026-09-24T20:09:11.585Z  INFO 23353 --- [Ticktet API] [           main] org.hibernate.orm.core                   : HHH000001: Hibernate ORM core version 7.4.5.Final
2026-09-24T20:09:11.872Z  INFO 23353 --- [Ticktet API] [           main] o.s.o.j.p.SpringPersistenceUnitInfo      : No LoadTimeWeaver setup: ignoring JPA class transformer
2026-09-24T20:09:11.901Z  INFO 23353 --- [Ticktet API] [           main] com.zaxxer.hikari.HikariDataSource       : HikariPool-1 - Starting...
2026-09-24T20:09:12.047Z  INFO 23353 --- [Ticktet API] [           main] com.zaxxer.hikari.pool.HikariPool        : HikariPool-1 - Added connection conn0: url=jdbc:h2:mem:ticketdb user=SA
2026-09-24T20:09:12.048Z  INFO 23353 --- [Ticktet API] [           main] com.zaxxer.hikari.HikariDataSource       : HikariPool-1 - Start completed.
2026-09-24T20:09:12.068Z  WARN 23353 --- [Ticktet API] [           main] org.hibernate.orm.deprecation            : HHH90000025: H2Dialect does not need to be specified explicitly using 'hibernate.dialect' (remove the property setting and it will be selected by default)
2026-09-24T20:09:12.096Z  INFO 23353 --- [Ticktet API] [           main] org.hibernate.orm.connections.pooling    : HHH10001005: Database info:
	Database JDBC URL [jdbc:h2:mem:ticketdb]
	Database driver: H2 JDBC Driver
	Database dialect: H2Dialect
	Database version: 2.4.240
	Default catalog/schema: TICKETDB/PUBLIC
	Autocommit mode: undefined/unknown
	Isolation level: READ_COMMITTED [default READ_COMMITTED]
	JDBC fetch size: 100
	Pool: DataSourceConnectionProvider
	Minimum pool size: undefined/unknown
	Maximum pool size: undefined/unknown
2026-09-24T20:09:12.902Z  INFO 23353 --- [Ticktet API] [           main] org.hibernate.orm.core                   : HHH000489: No JTA platform available (set 'hibernate.transaction.jta.platform' to enable JTA platform integration)
Hibernate: 
    create table clientes (
        id bigint generated by default as identity,
        cpf varchar(255) not null,
        email varchar(255) not null,
        nome varchar(255) not null,
        primary key (id)
    )
Hibernate: 
    create table eventos (
        id bigint generated by default as identity,
        data_hora timestamp(6) not null,
        descricao varchar(255),
        local varchar(255) not null,
        nome varchar(255) not null,
        preco numeric(38,2) not null,
        quantidade_disponivel integer not null,
        quantidade_total integer not null,
        primary key (id)
    )
Hibernate: 
    create table ingressos (
        id bigint generated by default as identity,
        codigo varchar(255) not null,
        data_compra timestamp(6) not null,
        status enum ('ATIVO','CANCELADO','UTILIZADO') not null,
        valor_pago numeric(38,2) not null,
        cliente_id bigint not null,
        evento_id bigint not null,
        primary key (id)
    )
Hibernate: 
    alter table if exists clientes 
       drop constraint if exists UK7wflw78ibh162cmq12ii6ffly
Hibernate: 
    alter table if exists clientes 
       add constraint UK7wflw78ibh162cmq12ii6ffly unique (cpf)
Hibernate: 
    alter table if exists clientes 
       drop constraint if exists UK1c96wv36rk2hwui7qhjks3mvg
Hibernate: 
    alter table if exists clientes 
       add constraint UK1c96wv36rk2hwui7qhjks3mvg unique (email)
Hibernate: 
    alter table if exists ingressos 
       drop constraint if exists UKav00mwbsnkcj5svtow6um7nn8
Hibernate: 
    alter table if exists ingressos 
       add constraint UKav00mwbsnkcj5svtow6um7nn8 unique (codigo)
Hibernate: 
    alter table if exists ingressos 
       add constraint FK7t355663b1gk45wo4agik0972 
       foreign key (cliente_id) 
       references clientes
Hibernate: 
    alter table if exists ingressos 
       add constraint FKl3937ng8d4p2qfd17l9d9v4va 
       foreign key (evento_id) 
       references eventos
2026-09-24T20:09:12.969Z  INFO 23353 --- [Ticktet API] [           main] j.LocalContainerEntityManagerFactoryBean : Initialized JPA EntityManagerFactory for persistence unit 'default'
2026-09-24T20:09:13.055Z  INFO 23353 --- [Ticktet API] [           main] o.s.d.j.r.query.QueryEnhancerFactories   : Hibernate is in classpath; If applicable, HQL parser will be used.
2026-09-24T20:09:13.365Z  WARN 23353 --- [Ticktet API] [           main] JpaBaseConfiguration$JpaWebConfiguration : spring.jpa.open-in-view is enabled by default. Therefore, database queries may be performed during view rendering. Explicitly configure spring.jpa.open-in-view to disable this warning
2026-09-24T20:09:13.637Z  INFO 23353 --- [Ticktet API] [           main] o.s.b.h.a.H2ConsoleAutoConfiguration     : H2 console available at '/h2-console'. Database available at 'jdbc:h2:mem:ticketdb'
2026-09-24T20:09:13.743Z  INFO 23353 --- [Ticktet API] [           main] c.e.t.TicktetApiApplicationTests         : Started TicktetApiApplicationTests in 3.852 seconds (process running for 6.649)
]]></system-out>
  </testcase>
</testsuite>