<?xml version="1.0" encoding="UTF-8"?>
<testsuite xmlns:xsi="http://www.w3.org/2001/XMLSchema-instance" xsi:noNamespaceSchemaLocation="https://maven.apache.org/surefire/maven-surefire-plugin/xsd/surefire-test-report.xsd" version="3.0.2" name="com.example.ticktetapi.service.EventoServiceTest" time="0.981" tests="10" errors="0" skipped="0" failures="0" flakes="0">
  <properties>
[...]
</properties>
  <testcase name="deveBuscarEventoPorId" classname="com.example.ticktetapi.service.EventoServiceTest" time="0.898">
    <system-err><![CDATA[Mockito is currently self-attaching to enable the inline-mock-maker. This will no longer work in future releases of the JDK. Please add Mockito as an agent to your build as described in Mockito's documentation: https://javadoc.io/doc/org.mockito/mockito-core/latest/org.mockito/org/mockito/Mockito.html#0.3
WARNING: A Java agent has been loaded dynamically (/home/codespace/.m2/repository/net/bytebuddy/byte-buddy-agent/1.18.11/byte-buddy-agent-1.18.11.jar)
WARNING: If a serviceability tool is in use, please run with -XX:+EnableDynamicAgentLoading to hide this warning
WARNING: If a serviceability tool is not in use, please run with -Djdk.instrument.traceUsage for more information
WARNING: Dynamic loading of agents will be disallowed by default in a future release
]]></system-err>
  </testcase>
  <testcase name="deveLancarExcecaoAoReduzirQuantidadeAbaixoDosIngressosVendidos" classname="com.example.ticktetapi.service.EventoServiceTest" time="0.006"/>
  <testcase name="deveLancarExcecaoAoDeletarEventoInexistente" classname="com.example.ticktetapi.service.EventoServiceTest" time="0.004"/>
  <testcase name="deveDeletarEventoSemIngressosVendidos" classname="com.example.ticktetapi.service.EventoServiceTest" time="0.003"/>
  <testcase name="deveCriarEvento" classname="com.example.ticktetapi.service.EventoServiceTest" time="0.004"/>
  <testcase name="deveAtualizarEvento" classname="com.example.ticktetapi.service.EventoServiceTest" time="0.004"/>
  <testcase name="deveLancarExcecaoQuandoEventoNaoForEncontrado" classname="com.example.ticktetapi.service.EventoServiceTest" time="0.008"/>
  <testcase name="deveLancarExcecaoAoDeletarEventoComIngressosVendidos" classname="com.example.ticktetapi.service.EventoServiceTest" time="0.006"/>
  <testcase name="deveListarTodosOsEventos" classname="com.example.ticktetapi.service.EventoServiceTest" time="0.006"/>
  <testcase name="deveAtualizarQuantidadeMantendoIngressosVendidos" classname="com.example.ticktetapi.service.EventoServiceTest" time="0.003"/>
</testsuite>